<?xml version="1.0" encoding="UTF-8"?>
<!-- Generated by org.testng.reporters.JUnitXMLReporter -->
<testsuite ignored="1" hostname="Mainaks-MacBook-Air.local" failures="0" tests="1" name="Default test" time="34.149" errors="0" timestamp="2023-12-13T20:46:38 IST">
  <testcase classname="com.browserstact.poc.IOSTestCases" name="tc001" time="6.074"/>
  <testcase classname="com.browserstact.poc.IOSTestCases" name="tc002" time="0.0">
    <ignored/>
  </testcase> <!-- tc002 -->
</testsuite> <!-- Default test -->
