<?xml version="1.0" encoding="UTF-8"?>
<testng-results ignored="1" total="2" passed="1" failed="0" skipped="0">
  <reporter-output>
  </reporter-output>
  <suite started-at="2023-12-13T20:46:03 IST" name="Default suite" finished-at="2023-12-13T20:46:38 IST" duration-ms="34149">
    <groups>
    </groups>
    <test started-at="2023-12-13T20:46:03 IST" name="Default test" finished-at="2023-12-13T20:46:38 IST" duration-ms="34149">
      <class name="com.browserstact.poc.IOSTestCases">
        <test-method is-config="true" signature="setUp()[pri:0, instance:com.browserstact.poc.IOSTestCases@a4ca3f6]" started-at="2023-12-13T20:46:03 IST" name="setUp" finished-at="2023-12-13T20:46:30 IST" duration-ms="26798" status="PASS">
          <reporter-output>
          </reporter-output>
        </test-method> <!-- setUp -->
        <test-method signature="tc001()[pri:0, instance:com.browserstact.poc.IOSTestCases@a4ca3f6]" started-at="2023-12-13T20:46:30 IST" name="tc001" finished-at="2023-12-13T20:46:36 IST" duration-ms="6074" status="PASS">
          <reporter-output>
          </reporter-output>
        </test-method> <!-- tc001 -->
        <test-method is-config="true" signature="tearDown()[pri:0, instance:com.browserstact.poc.IOSTestCases@a4ca3f6]" started-at="2023-12-13T20:46:36 IST" name="tearDown" finished-at="2023-12-13T20:46:37 IST" duration-ms="1222" status="PASS">
          <reporter-output>
          </reporter-output>
        </test-method> <!-- tearDown -->
      </class> <!-- com.browserstact.poc.IOSTestCases -->
    </test> <!-- Default test -->
  </suite> <!-- Default suite -->
</testng-results>
