<?xml version="1.0" encoding="UTF-8"?>
<testng-results ignored="3" total="4" passed="0" failed="1" skipped="0">
  <reporter-output>
  </reporter-output>
  <suite started-at="2024-01-11T18:54:09 IST" name="Default suite" finished-at="2024-01-11T18:54:37 IST" duration-ms="27876">
    <groups>
    </groups>
    <test started-at="2024-01-11T18:54:09 IST" name="Default test-0" finished-at="2024-01-11T18:54:37 IST" duration-ms="27876">
      <class name="com.browserstact.poc.AndroidTestCases">
        <test-method is-config="true" signature="setUp()[pri:0, instance:com.browserstact.poc.AndroidTestCases@1a480135]" started-at="2024-01-11T18:54:09 IST" name="setUp" finished-at="2024-01-11T18:54:33 IST" duration-ms="23764" status="PASS">
          <reporter-output>
          </reporter-output>
        </test-method> <!-- setUp -->
        <test-method signature="tc_004_wiki()[pri:0, instance:com.browserstact.poc.AndroidTestCases@1a480135]" started-at="2024-01-11T18:54:33 IST" name="tc_004_wiki" finished-at="2024-01-11T18:54:35 IST" duration-ms="1674" status="FAIL">
          <exception class="org.openqa.selenium.NoSuchElementException">
            <message>
              <![CDATA[An element could not be located on the page using the given search parameters.
For documentation on this error, please visit: https://www.selenium.dev/documentation/webdriver/troubleshooting/errors#no-such-element-exception
Build info: version: '4.16.1', revision: '9b4c83354e'
System info: os.name: 'Mac OS X', os.arch: 'x86_64', os.version: '13.5.2', java.version: '17.0.4.1'
Driver info: io.appium.java_client.android.AndroidDriver
Command: [b17a79e5addf8e9fdf9dc058e73f60a0f9ef981c, findElement {using=xpath, value=//android.widget.AutoCompleteTextView[@text='Search…']}]
Capabilities {appium:appActivity: org.wikipedia.main.MainActi..., appium:appPackage: org.wikipedia.alpha, appium:automationName: uiautomator2, appium:build: android, appium:chromedriverPort: 18084, appium:chromedriverPorts: [[18144, 18154]], appium:databaseEnabled: false, appium:desired: {appActivity: org.wikipedia.main.MainActi..., appPackage: org.wikipedia.alpha, automationName: uiautomator2, bstack:options: {appiumVersion: 1.17.0, buildIdentifier: #19, hostName: Mainaks-MacBook-Air.local, localIdentifier: 11_Jan_1853_Mainaks_MacBook...}, build: android, chromedriverPort: 18084, chromedriverPorts: [[18144, 18154]], deviceName: samsung galaxy s22 ultra, disableSuppressAccessibilityService: true, goog:chromeOptions: {}, name: bstack-[java] sample test a..., nativeWebScreenshot: true, newCommandTimeout: 0, os_version: 12, platformName: Android, project: android project, skipServerInstallation: true, systemPort: 8204, udid: R5CR906DT5P}, appium:deviceApiLevel: 31, appium:deviceManufacturer: samsung, appium:deviceModel: SM-G991B, appium:deviceName: R5CR906DT5P, appium:deviceScreenDensity: 480, appium:deviceScreenSize: 1080x2400, appium:deviceUDID: R5CR906DT5P, appium:disableSuppressAccessibilityService: true, appium:javascriptEnabled: true, appium:locationContextEnabled: false, appium:name: bstack-[java] sample test a..., appium:nativeWebScreenshot: true, appium:networkConnectionEnabled: true, appium:newCommandTimeout: 0, appium:optimalHubUrl: hub-aps.browserstack.com, appium:os_version: 12, appium:pixelRatio: 3, appium:platformVersion: 12, appium:project: android project, appium:skipServerInstallation: true, appium:statBarHeight: 79, appium:systemPort: 8204, appium:takesScreenshot: true, appium:udid: R5CR906DT5P, appium:viewportRect: {height: 2097, left: 0, top: 79, width: 1080}, appium:warnings: {}, appium:webStorageEnabled: false, bstack:options: {appiumVersion: 1.17.0, buildIdentifier: #19, hostName: Mainaks-MacBook-Air.local, localIdentifier: 11_Jan_1853_Mainaks_MacBook...}, goog:chromeOptions: {}, platformName: ANDROID}
Session ID: b17a79e5addf8e9fdf9dc058e73f60a0f9ef981c]]>
            </message>
            <full-stacktrace>
              <![CDATA[org.openqa.selenium.NoSuchElementException: An element could not be located on the page using the given search parameters.
For documentation on this error, please visit: https://www.selenium.dev/documentation/webdriver/troubleshooting/errors#no-such-element-exception
Build info: version: '4.16.1', revision: '9b4c83354e'
System info: os.name: 'Mac OS X', os.arch: 'x86_64', os.version: '13.5.2', java.version: '17.0.4.1'
Driver info: io.appium.java_client.android.AndroidDriver
Command: [b17a79e5addf8e9fdf9dc058e73f60a0f9ef981c, findElement {using=xpath, value=//android.widget.AutoCompleteTextView[@text='Search…']}]
Capabilities {appium:appActivity: org.wikipedia.main.MainActi..., appium:appPackage: org.wikipedia.alpha, appium:automationName: uiautomator2, appium:build: android, appium:chromedriverPort: 18084, appium:chromedriverPorts: [[18144, 18154]], appium:databaseEnabled: false, appium:desired: {appActivity: org.wikipedia.main.MainActi..., appPackage: org.wikipedia.alpha, automationName: uiautomator2, bstack:options: {appiumVersion: 1.17.0, buildIdentifier: #19, hostName: Mainaks-MacBook-Air.local, localIdentifier: 11_Jan_1853_Mainaks_MacBook...}, build: android, chromedriverPort: 18084, chromedriverPorts: [[18144, 18154]], deviceName: samsung galaxy s22 ultra, disableSuppressAccessibilityService: true, goog:chromeOptions: {}, name: bstack-[java] sample test a..., nativeWebScreenshot: true, newCommandTimeout: 0, os_version: 12, platformName: Android, project: android project, skipServerInstallation: true, systemPort: 8204, udid: R5CR906DT5P}, appium:deviceApiLevel: 31, appium:deviceManufacturer: samsung, appium:deviceModel: SM-G991B, appium:deviceName: R5CR906DT5P, appium:deviceScreenDensity: 480, appium:deviceScreenSize: 1080x2400, appium:deviceUDID: R5CR906DT5P, appium:disableSuppressAccessibilityService: true, appium:javascriptEnabled: true, appium:locationContextEnabled: false, appium:name: bstack-[java] sample test a..., appium:nativeWebScreenshot: true, appium:networkConnectionEnabled: true, appium:newCommandTimeout: 0, appium:optimalHubUrl: hub-aps.browserstack.com, appium:os_version: 12, appium:pixelRatio: 3, appium:platformVersion: 12, appium:project: android project, appium:skipServerInstallation: true, appium:statBarHeight: 79, appium:systemPort: 8204, appium:takesScreenshot: true, appium:udid: R5CR906DT5P, appium:viewportRect: {height: 2097, left: 0, top: 79, width: 1080}, appium:warnings: {}, appium:webStorageEnabled: false, bstack:options: {appiumVersion: 1.17.0, buildIdentifier: #19, hostName: Mainaks-MacBook-Air.local, localIdentifier: 11_Jan_1853_Mainaks_MacBook...}, goog:chromeOptions: {}, platformName: ANDROID}
Session ID: b17a79e5addf8e9fdf9dc058e73f60a0f9ef981c
at java.base/jdk.internal.reflect.NativeConstructorAccessorImpl.newInstance0(Native Method)
at java.base/jdk.internal.reflect.NativeConstructorAccessorImpl.newInstance(NativeConstructorAccessorImpl.java:77)
at java.base/jdk.internal.reflect.DelegatingConstructorAccessorImpl.newInstance(DelegatingConstructorAccessorImpl.java:45)
at java.base/java.lang.reflect.Constructor.newInstanceWithCaller(Constructor.java:499)
at java.base/java.lang.reflect.Constructor.newInstance(Constructor.java:480)
at org.openqa.selenium.remote.codec.w3c.W3CHttpResponseCodec.createException(W3CHttpResponseCodec.java:200)
at org.openqa.selenium.remote.codec.w3c.W3CHttpResponseCodec.decode(W3CHttpResponseCodec.java:133)
at org.openqa.selenium.remote.codec.w3c.W3CHttpResponseCodec.decode(W3CHttpResponseCodec.java:52)
at org.openqa.selenium.remote.HttpCommandExecutor.execute(HttpCommandExecutor.java:191)
at io.appium.java_client.remote.AppiumCommandExecutor.execute(AppiumCommandExecutor.java:238)
at org.openqa.selenium.remote.RemoteWebDriver.execute(RemoteWebDriver.java:523)
at org.openqa.selenium.remote.ElementLocation$ElementFinder$2.findElement(ElementLocation.java:165)
at org.openqa.selenium.remote.ElementLocation.findElement(ElementLocation.java:59)
at org.openqa.selenium.remote.RemoteWebDriver.findElement(RemoteWebDriver.java:360)
at org.openqa.selenium.remote.RemoteWebDriver.findElement(RemoteWebDriver.java:354)
at com.browserstact.poc.AndroidTestCases.tc_004_wiki(AndroidTestCases.java:61)
at java.base/jdk.internal.reflect.NativeMethodAccessorImpl.invoke0(Native Method)
at java.base/jdk.internal.reflect.NativeMethodAccessorImpl.invoke(NativeMethodAccessorImpl.java:77)
at java.base/jdk.internal.reflect.DelegatingMethodAccessorImpl.invoke(DelegatingMethodAccessorImpl.java:43)
at java.base/java.lang.reflect.Method.invoke(Method.java:568)
at org.testng.internal.MethodInvocationHelper.invokeMethod(MethodInvocationHelper.java:133)
at org.testng.internal.TestInvoker.invokeMethod(TestInvoker.java:598)
at org.testng.internal.TestInvoker.invokeTestMethod(TestInvoker.java:173)
at org.testng.internal.MethodRunner.runInSequence(MethodRunner.java:46)
at org.testng.internal.TestInvoker$MethodInvocationAgent.invoke(TestInvoker.java:824)
at org.testng.internal.TestInvoker.invokeTestMethods(TestInvoker.java:146)
at org.testng.internal.TestMethodWorker.invokeTestMethods(TestMethodWorker.java:146)
at org.testng.internal.TestMethodWorker.run(TestMethodWorker.java:128)
at java.base/java.util.ArrayList.forEach(ArrayList.java:1511)
at org.testng.TestRunner.privateRun(TestRunner.java:794)
at org.testng.TestRunner.run(TestRunner.java:596)
at org.testng.SuiteRunner.runTest(SuiteRunner.java:377)
at org.testng.SuiteRunner.access$000(SuiteRunner.java:28)
at org.testng.SuiteRunner$SuiteWorker.run(SuiteRunner.java:418)
at org.testng.internal.thread.ThreadUtil.lambda$execute$0(ThreadUtil.java:64)
at java.base/java.util.concurrent.FutureTask.run(FutureTask.java:264)
at java.base/java.util.concurrent.ThreadPoolExecutor.runWorker(ThreadPoolExecutor.java:1136)
at java.base/java.util.concurrent.ThreadPoolExecutor$Worker.run(ThreadPoolExecutor.java:635)
at java.base/java.lang.Thread.run(Thread.java:833)
]]>
            </full-stacktrace>
          </exception> <!-- org.openqa.selenium.NoSuchElementException -->
          <reporter-output>
          </reporter-output>
        </test-method> <!-- tc_004_wiki -->
        <test-method is-config="true" signature="tearDown()[pri:0, instance:com.browserstact.poc.AndroidTestCases@1a480135]" started-at="2024-01-11T18:54:35 IST" name="tearDown" finished-at="2024-01-11T18:54:37 IST" duration-ms="2231" status="PASS">
          <reporter-output>
          </reporter-output>
        </test-method> <!-- tearDown -->
      </class> <!-- com.browserstact.poc.AndroidTestCases -->
    </test> <!-- Default test-0 -->
  </suite> <!-- Default suite -->
</testng-results>
